<?xml version="1.0" encoding="UTF-8"?>
<testsuite name="Calculadora Android" tests="1" skipped="0" failures="0" errors="0" timestamp="2022-02-18T17:09:55" hostname="SQAMED-SQA-4367" time="34.89">
  <properties/>
  <testcase name="Sumar dos numeros en la calculadora de android" classname="Calculadora Android" time="34.89"/>
  <system-out><![CDATA[]]></system-out>
  <system-err><![CDATA[feb 18, 2022 12:10:08 PM io.appium.java_client.remote.AppiumCommandExecutor$1 lambda$0
INFORMACIÓN: Detected dialect: W3C
[Test worker] INFO net.thucydides.core.steps.ConsoleLoggingListener - 
        __    _____ _____ ____ _____   ____   _    ____  ____  _____ ____  
  _     \ \  |_   _| ____/ ___|_   _| |  _ \ / \  / ___|/ ___|| ____|  _ \ 
 (_)_____| |   | | |  _| \___ \ | |   | |_) / _ \ \___ \\___ \|  _| | | | |
  _|_____| |   | | | |___ ___) || |   |  __/ ___ \ ___) |___) | |___| |_| |
 (_)     | |   |_| |_____|____/ |_|   |_| /_/   \_\____/|____/|_____|____/ 
        /_/                                                                

TEST PASSED: Sumar dos numeros en la calculadora de android
----------------------------------------------------------------------------
]]></system-err>
</testsuite>
